# JRE version: Java(TM) SE Runtime Environment (8.0_251-b08) (build 1.8.0_251-b08)
# Java VM: Java HotSpot(TM) 64-Bit Server VM (25.251-b08 mixed mode windows-amd64 compressed oops)
Heap:
 PSYoungGen      total 185856K, used 53291K [0x00000000eab00000, 0x00000000f7f80000, 0x0000000100000000)
  eden space 165376K, 19% used [0x00000000eab00000,0x00000000ecb10b00,0x00000000f4c80000)
  from space 20480K, 99% used [0x00000000f6580000,0x00000000f797a2b8,0x00000000f7980000)
  to   space 25600K, 2% used [0x00000000f4c80000,0x00000000f4d21b30,0x00000000f6580000)
 ParOldGen       total 49152K, used 49148K [0x00000000c0000000, 0x00000000c3000000, 0x00000000eab00000)
  object space 49152K, 99% used [0x00000000c0000000,0x00000000c2fff2c8,0x00000000c3000000)
 Metaspace       used 27466K, capacity 28354K, committed 28544K, reserved 1075200K
  class space    used 3129K, capacity 3435K, committed 3456K, reserved 1048576K
GC Heap History (10 events):
Event: 21.286 GC heap after
Heap after GC invocations=7 (full 0):
 PSYoungGen      total 73728K, used 9200K [0x00000000eab00000, 0x00000000f4100000, 0x0000000100000000)
  eden space 64512K, 0% used [0x00000000eab00000,0x00000000eab00000,0x00000000eea00000)
  from space 9216K, 99% used [0x00000000eea00000,0x00000000ef2fc010,0x00000000ef300000)
  to   space 12288K, 0% used [0x00000000f3500000,0x00000000f3500000,0x00000000f4100000)
 ParOldGen       total 44032K, used 14949K [0x00000000c0000000, 0x00000000c2b00000, 0x00000000eab00000)
  object space 44032K, 33% used [0x00000000c0000000,0x00000000c0e99538,0x00000000c2b00000)
 Metaspace       used 16216K, capacity 16480K, committed 16640K, reserved 1064960K
  class space    used 1890K, capacity 1991K, committed 2048K, reserved 1048576K
}
Event: 26.556 GC heap before
{Heap before GC invocations=8 (full 0):
 PSYoungGen      total 73728K, used 68545K [0x00000000eab00000, 0x00000000f4100000, 0x0000000100000000)
  eden space 64512K, 91% used [0x00000000eab00000,0x00000000ee4f45d8,0x00000000eea00000)
  from space 9216K, 99% used [0x00000000eea00000,0x00000000ef2fc010,0x00000000ef300000)
  to   space 12288K, 0% used [0x00000000f3500000,0x00000000f3500000,0x00000000f4100000)
 ParOldGen       total 44032K, used 14949K [0x00000000c0000000, 0x00000000c2b00000, 0x00000000eab00000)
  object space 44032K, 33% used [0x00000000c0000000,0x00000000c0e99538,0x00000000c2b00000)
 Metaspace       used 20632K, capacity 21154K, committed 21296K, reserved 1069056K
  class space    used 2448K, capacity 2634K, committed 2688K, reserved 1048576K
Event: 26.574 GC heap after
Heap after GC invocations=8 (full 0):
 PSYoungGen      total 138752K, used 12280K [0x00000000eab00000, 0x00000000f4600000, 0x0000000100000000)
  eden space 126464K, 0% used [0x00000000eab00000,0x00000000eab00000,0x00000000f2680000)
  from space 12288K, 99% used [0x00000000f3500000,0x00000000f40fe148,0x00000000f4100000)
  to   space 14848K, 0% used [0x00000000f2680000,0x00000000f2680000,0x00000000f3500000)
 ParOldGen       total 44032K, used 16753K [0x00000000c0000000, 0x00000000c2b00000, 0x00000000eab00000)
  object space 44032K, 38% used [0x00000000c0000000,0x00000000c105c430,0x00000000c2b00000)
 Metaspace       used 20632K, capacity 21154K, committed 21296K, reserved 1069056K
  class space    used 2448K, capacity 2634K, committed 2688K, reserved 1048576K
}
Event: 26.574 GC heap before
{Heap before GC invocations=9 (full 1):
 PSYoungGen      total 138752K, used 12280K [0x00000000eab00000, 0x00000000f4600000, 0x0000000100000000)
  eden space 126464K, 0% used [0x00000000eab00000,0x00000000eab00000,0x00000000f2680000)
  from space 12288K, 99% used [0x00000000f3500000,0x00000000f40fe148,0x00000000f4100000)
  to   space 14848K, 0% used [0x00000000f2680000,0x00000000f2680000,0x00000000f3500000)
 ParOldGen       total 44032K, used 16753K [0x00000000c0000000, 0x00000000c2b00000, 0x00000000eab00000)
  object space 44032K, 38% used [0x00000000c0000000,0x00000000c105c430,0x00000000c2b00000)
 Metaspace       used 20632K, capacity 21154K, committed 21296K, reserved 1069056K
  class space    used 2448K, capacity 2634K, committed 2688K, reserved 1048576K
Event: 26.733 GC heap after
Heap after GC invocations=9 (full 1):
 PSYoungGen      total 138752K, used 0K [0x00000000eab00000, 0x00000000f4600000, 0x0000000100000000)
  eden space 126464K, 0% used [0x00000000eab00000,0x00000000eab00000,0x00000000f2680000)
  from space 12288K, 0% used [0x00000000f3500000,0x00000000f3500000,0x00000000f4100000)
  to   space 14848K, 0% used [0x00000000f2680000,0x00000000f2680000,0x00000000f3500000)
 ParOldGen       total 48640K, used 20553K [0x00000000c0000000, 0x00000000c2f80000, 0x00000000eab00000)
  object space 48640K, 42% used [0x00000000c0000000,0x00000000c14124c0,0x00000000c2f80000)
 Metaspace       used 20632K, capacity 21154K, committed 21296K, reserved 1069056K
  class space    used 2448K, capacity 2634K, committed 2688K, reserved 1048576K
}
Event: 47.620 GC heap before
{Heap before GC invocations=10 (full 1):
 PSYoungGen      total 138752K, used 126464K [0x00000000eab00000, 0x00000000f4600000, 0x0000000100000000)
  eden space 126464K, 100% used [0x00000000eab00000,0x00000000f2680000,0x00000000f2680000)
  from space 12288K, 0% used [0x00000000f3500000,0x00000000f3500000,0x00000000f4100000)
  to   space 14848K, 0% used [0x00000000f2680000,0x00000000f2680000,0x00000000f3500000)
 ParOldGen       total 48640K, used 20553K [0x00000000c0000000, 0x00000000c2f80000, 0x00000000eab00000)
  object space 48640K, 42% used [0x00000000c0000000,0x00000000c14124c0,0x00000000c2f80000)
 Metaspace       used 24330K, capacity 24972K, committed 25088K, reserved 1071104K
  class space    used 2808K, capacity 3037K, committed 3072K, reserved 1048576K
Event: 47.659 GC heap after
Heap after GC invocations=10 (full 1):
 PSYoungGen      total 141312K, used 14833K [0x00000000eab00000, 0x00000000f7980000, 0x0000000100000000)
  eden space 126464K, 0% used [0x00000000eab00000,0x00000000eab00000,0x00000000f2680000)
  from space 14848K, 99% used [0x00000000f2680000,0x00000000f34fc508,0x00000000f3500000)
  to   space 20480K, 0% used [0x00000000f6580000,0x00000000f6580000,0x00000000f7980000)
 ParOldGen       total 48640K, used 27836K [0x00000000c0000000, 0x00000000c2f80000, 0x00000000eab00000)
  object space 48640K, 57% used [0x00000000c0000000,0x00000000c1b2f378,0x00000000c2f80000)
 Metaspace       used 24330K, capacity 24972K, committed 25088K, reserved 1071104K
  class space    used 2808K, capacity 3037K, committed 3072K, reserved 1048576K
}
Event: 79.315 GC heap before
{Heap before GC invocations=11 (full 1):
 PSYoungGen      total 141312K, used 141297K [0x00000000eab00000, 0x00000000f7980000, 0x0000000100000000)
  eden space 126464K, 100% used [0x00000000eab00000,0x00000000f2680000,0x00000000f2680000)
  from space 14848K, 99% used [0x00000000f2680000,0x00000000f34fc508,0x00000000f3500000)
  to   space 20480K, 0% used [0x00000000f6580000,0x00000000f6580000,0x00000000f7980000)
 ParOldGen       total 48640K, used 27836K [0x00000000c0000000, 0x00000000c2f80000, 0x00000000eab00000)
  object space 48640K, 57% used [0x00000000c0000000,0x00000000c1b2f378,0x00000000c2f80000)
 Metaspace       used 26444K, capacity 27362K, committed 27776K, reserved 1073152K
  class space    used 3026K, capacity 3339K, committed 3456K, reserved 1048576K
Event: 79.365 GC heap after
Heap after GC invocations=11 (full 1):
 PSYoungGen      total 185856K, used 20456K [0x00000000eab00000, 0x00000000f7f80000, 0x0000000100000000)
  eden space 165376K, 0% used [0x00000000eab00000,0x00000000eab00000,0x00000000f4c80000)
  from space 20480K, 99% used [0x00000000f6580000,0x00000000f797a2b8,0x00000000f7980000)
  to   space 25600K, 0% used [0x00000000f4c80000,0x00000000f4c80000,0x00000000f6580000)
 ParOldGen       total 48640K, used 33126K [0x00000000c0000000, 0x00000000c2f80000, 0x00000000eab00000)
  object space 48640K, 68% used [0x00000000c0000000,0x00000000c2059ac8,0x00000000c2f80000)
 Metaspace       used 26444K, capacity 27362K, committed 27776K, reserved 1073152K
  class space    used 3026K, capacity 3339K, committed 3456K, reserved 1048576K
}
Event: 143.377 GC heap before
{Heap before GC invocations=12 (full 1):
 PSYoungGen      total 185856K, used 53291K [0x00000000eab00000, 0x00000000f7f80000, 0x0000000100000000)
  eden space 165376K, 19% used [0x00000000eab00000,0x00000000ecb10b00,0x00000000f4c80000)
  from space 20480K, 99% used [0x00000000f6580000,0x00000000f797a2b8,0x00000000f7980000)
  to   space 25600K, 0% used [0x00000000f4c80000,0x00000000f4c80000,0x00000000f6580000)
 ParOldGen       total 48640K, used 33126K [0x00000000c0000000, 0x00000000c2f80000, 0x00000000eab00000)
  object space 48640K, 68% used [0x00000000c0000000,0x00000000c2059ac8,0x00000000c2f80000)
 Metaspace       used 27466K, capacity 28354K, committed 28544K, reserved 1075200K
  class space    used 3129K, capacity 3435K, committed 3456K, reserved 1048576K

