# JRE version: Java(TM) SE Runtime Environment (8.0_251-b08) (build 1.8.0_251-b08)
# Java VM: Java HotSpot(TM) 64-Bit Server VM (25.251-b08 mixed mode windows-amd64 compressed oops)
Heap:
 PSYoungGen      total 38400K, used 10361K [0x00000000eab00000, 0x00000000ed880000, 0x0000000100000000)
  eden space 36352K, 23% used [0x00000000eab00000,0x00000000eb376400,0x00000000ece80000)
  from space 2048K, 82% used [0x00000000ecf80000,0x00000000ed128380,0x00000000ed180000)
  to   space 5120K, 0% used [0x00000000ed380000,0x00000000ed380000,0x00000000ed880000)
 ParOldGen       total 35328K, used 17443K [0x00000000c0000000, 0x00000000c2280000, 0x00000000eab00000)
  object space 35328K, 49% used [0x00000000c0000000,0x00000000c1108d00,0x00000000c2280000)
 Metaspace       used 48758K, capacity 50164K, committed 50600K, reserved 1093632K
  class space    used 6736K, capacity 7016K, committed 7080K, reserved 1048576K
GC Heap History (10 events):
Event: 51.136 GC heap before
{Heap before GC invocations=19 (full 2):
 PSYoungGen      total 46080K, used 44969K [0x00000000eab00000, 0x00000000ede80000, 0x0000000100000000)
  eden space 41472K, 100% used [0x00000000eab00000,0x00000000ed380000,0x00000000ed380000)
  from space 4608K, 75% used [0x00000000eda00000,0x00000000edd6a500,0x00000000ede80000)
  to   space 5632K, 0% used [0x00000000ed380000,0x00000000ed380000,0x00000000ed900000)
 ParOldGen       total 35328K, used 14074K [0x00000000c0000000, 0x00000000c2280000, 0x00000000eab00000)
  object space 35328K, 39% used [0x00000000c0000000,0x00000000c0dbe830,0x00000000c2280000)
 Metaspace       used 40163K, capacity 41472K, committed 41896K, reserved 1085440K
  class space    used 5425K, capacity 5684K, committed 5800K, reserved 1048576K
Event: 51.141 GC heap after
Heap after GC invocations=19 (full 2):
 PSYoungGen      total 43520K, used 2791K [0x00000000eab00000, 0x00000000edd80000, 0x0000000100000000)
  eden space 40448K, 0% used [0x00000000eab00000,0x00000000eab00000,0x00000000ed280000)
  from space 3072K, 90% used [0x00000000ed380000,0x00000000ed639cb0,0x00000000ed680000)
  to   space 5632K, 0% used [0x00000000ed800000,0x00000000ed800000,0x00000000edd80000)
 ParOldGen       total 35328K, used 15202K [0x00000000c0000000, 0x00000000c2280000, 0x00000000eab00000)
  object space 35328K, 43% used [0x00000000c0000000,0x00000000c0ed8920,0x00000000c2280000)
 Metaspace       used 40163K, capacity 41472K, committed 41896K, reserved 1085440K
  class space    used 5425K, capacity 5684K, committed 5800K, reserved 1048576K
}
Event: 54.110 GC heap before
{Heap before GC invocations=20 (full 2):
 PSYoungGen      total 43520K, used 43239K [0x00000000eab00000, 0x00000000edd80000, 0x0000000100000000)
  eden space 40448K, 100% used [0x00000000eab00000,0x00000000ed280000,0x00000000ed280000)
  from space 3072K, 90% used [0x00000000ed380000,0x00000000ed639cb0,0x00000000ed680000)
  to   space 5632K, 0% used [0x00000000ed800000,0x00000000ed800000,0x00000000edd80000)
 ParOldGen       total 35328K, used 15202K [0x00000000c0000000, 0x00000000c2280000, 0x00000000eab00000)
  object space 35328K, 43% used [0x00000000c0000000,0x00000000c0ed8920,0x00000000c2280000)
 Metaspace       used 42901K, capacity 44238K, committed 44584K, reserved 1087488K
  class space    used 5804K, capacity 6071K, committed 6184K, reserved 1048576K
Event: 54.117 GC heap after
Heap after GC invocations=20 (full 2):
 PSYoungGen      total 43008K, used 3163K [0x00000000eab00000, 0x00000000edb80000, 0x0000000100000000)
  eden space 39424K, 0% used [0x00000000eab00000,0x00000000eab00000,0x00000000ed180000)
  from space 3584K, 88% used [0x00000000ed800000,0x00000000edb16cc8,0x00000000edb80000)
  to   space 5120K, 0% used [0x00000000ed180000,0x00000000ed180000,0x00000000ed680000)
 ParOldGen       total 35328K, used 15642K [0x00000000c0000000, 0x00000000c2280000, 0x00000000eab00000)
  object space 35328K, 44% used [0x00000000c0000000,0x00000000c0f46930,0x00000000c2280000)
 Metaspace       used 42901K, capacity 44238K, committed 44584K, reserved 1087488K
  class space    used 5804K, capacity 6071K, committed 6184K, reserved 1048576K
}
Event: 55.389 GC heap before
{Heap before GC invocations=21 (full 2):
 PSYoungGen      total 43008K, used 42587K [0x00000000eab00000, 0x00000000edb80000, 0x0000000100000000)
  eden space 39424K, 100% used [0x00000000eab00000,0x00000000ed180000,0x00000000ed180000)
  from space 3584K, 88% used [0x00000000ed800000,0x00000000edb16cc8,0x00000000edb80000)
  to   space 5120K, 0% used [0x00000000ed180000,0x00000000ed180000,0x00000000ed680000)
 ParOldGen       total 35328K, used 15642K [0x00000000c0000000, 0x00000000c2280000, 0x00000000eab00000)
  object space 35328K, 44% used [0x00000000c0000000,0x00000000c0f46930,0x00000000c2280000)
 Metaspace       used 45552K, capacity 46952K, committed 47272K, reserved 1089536K
  class space    used 6235K, capacity 6540K, committed 6568K, reserved 1048576K
Event: 55.395 GC heap after
Heap after GC invocations=21 (full 2):
 PSYoungGen      total 41472K, used 2755K [0x00000000eab00000, 0x00000000eda80000, 0x0000000100000000)
  eden space 38400K, 0% used [0x00000000eab00000,0x00000000eab00000,0x00000000ed080000)
  from space 3072K, 89% used [0x00000000ed180000,0x00000000ed430ca8,0x00000000ed480000)
  to   space 5120K, 0% used [0x00000000ed580000,0x00000000ed580000,0x00000000eda80000)
 ParOldGen       total 35328K, used 16531K [0x00000000c0000000, 0x00000000c2280000, 0x00000000eab00000)
  object space 35328K, 46% used [0x00000000c0000000,0x00000000c1024cd0,0x00000000c2280000)
 Metaspace       used 45552K, capacity 46952K, committed 47272K, reserved 1089536K
  class space    used 6235K, capacity 6540K, committed 6568K, reserved 1048576K
}
Event: 56.651 GC heap before
{Heap before GC invocations=22 (full 2):
 PSYoungGen      total 41472K, used 41155K [0x00000000eab00000, 0x00000000eda80000, 0x0000000100000000)
  eden space 38400K, 100% used [0x00000000eab00000,0x00000000ed080000,0x00000000ed080000)
  from space 3072K, 89% used [0x00000000ed180000,0x00000000ed430ca8,0x00000000ed480000)
  to   space 5120K, 0% used [0x00000000ed580000,0x00000000ed580000,0x00000000eda80000)
 ParOldGen       total 35328K, used 16531K [0x00000000c0000000, 0x00000000c2280000, 0x00000000eab00000)
  object space 35328K, 46% used [0x00000000c0000000,0x00000000c1024cd0,0x00000000c2280000)
 Metaspace       used 47743K, capacity 49174K, committed 49448K, reserved 1091584K
  class space    used 6608K, capacity 6907K, committed 6952K, reserved 1048576K
Event: 56.655 GC heap after
Heap after GC invocations=22 (full 2):
 PSYoungGen      total 41472K, used 2557K [0x00000000eab00000, 0x00000000ed980000, 0x0000000100000000)
  eden space 37376K, 0% used [0x00000000eab00000,0x00000000eab00000,0x00000000ecf80000)
  from space 4096K, 62% used [0x00000000ed580000,0x00000000ed7ff5e0,0x00000000ed980000)
  to   space 5120K, 0% used [0x00000000ecf80000,0x00000000ecf80000,0x00000000ed480000)
 ParOldGen       total 35328K, used 17043K [0x00000000c0000000, 0x00000000c2280000, 0x00000000eab00000)
  object space 35328K, 48% used [0x00000000c0000000,0x00000000c10a4d00,0x00000000c2280000)
 Metaspace       used 47743K, capacity 49174K, committed 49448K, reserved 1091584K
  class space    used 6608K, capacity 6907K, committed 6952K, reserved 1048576K
}
Event: 57.573 GC heap before
{Heap before GC invocations=23 (full 2):
 PSYoungGen      total 41472K, used 39933K [0x00000000eab00000, 0x00000000ed980000, 0x0000000100000000)
  eden space 37376K, 100% used [0x00000000eab00000,0x00000000ecf80000,0x00000000ecf80000)
  from space 4096K, 62% used [0x00000000ed580000,0x00000000ed7ff5e0,0x00000000ed980000)
  to   space 5120K, 0% used [0x00000000ecf80000,0x00000000ecf80000,0x00000000ed480000)
 ParOldGen       total 35328K, used 17043K [0x00000000c0000000, 0x00000000c2280000, 0x00000000eab00000)
  object space 35328K, 48% used [0x00000000c0000000,0x00000000c10a4d00,0x00000000c2280000)
 Metaspace       used 48597K, capacity 50018K, committed 50344K, reserved 1093632K
  class space    used 6719K, capacity 7011K, committed 7080K, reserved 1048576K
Event: 57.576 GC heap after
Heap after GC invocations=23 (full 2):
 PSYoungGen      total 38400K, used 1696K [0x00000000eab00000, 0x00000000ed880000, 0x0000000100000000)
  eden space 36352K, 0% used [0x00000000eab00000,0x00000000eab00000,0x00000000ece80000)
  from space 2048K, 82% used [0x00000000ecf80000,0x00000000ed128380,0x00000000ed180000)
  to   space 5120K, 0% used [0x00000000ed380000,0x00000000ed380000,0x00000000ed880000)
 ParOldGen       total 35328K, used 17443K [0x00000000c0000000, 0x00000000c2280000, 0x00000000eab00000)
  object space 35328K, 49% used [0x00000000c0000000,0x00000000c1108d00,0x00000000c2280000)
 Metaspace       used 48597K, capacity 50018K, committed 50344K, reserved 1093632K
  class space    used 6719K, capacity 7011K, committed 7080K, reserved 1048576K
}

