# JRE version: Java(TM) SE Runtime Environment (8.0_251-b08) (build 1.8.0_251-b08)
# Java VM: Java HotSpot(TM) 64-Bit Server VM (25.251-b08 mixed mode windows-amd64 compressed oops)
Heap:
 PSYoungGen      total 41984K, used 23806K [0x00000000eab00000, 0x00000000edd80000, 0x0000000100000000)
  eden space 35840K, 60% used [0x00000000eab00000,0x00000000ec04bcc0,0x00000000ece00000)
  from space 6144K, 32% used [0x00000000ed400000,0x00000000ed5f3b58,0x00000000eda00000)
  to   space 6144K, 0% used [0x00000000ece00000,0x00000000ece00000,0x00000000ed400000)
 ParOldGen       total 39936K, used 14818K [0x00000000c0000000, 0x00000000c2700000, 0x00000000eab00000)
  object space 39936K, 37% used [0x00000000c0000000,0x00000000c0e78b78,0x00000000c2700000)
 Metaspace       used 39798K, capacity 41116K, committed 41512K, reserved 1085440K
  class space    used 5382K, capacity 5652K, committed 5672K, reserved 1048576K
GC Heap History (10 events):
Event: 29.185 GC heap before
{Heap before GC invocations=16 (full 1):
 PSYoungGen      total 32768K, used 28514K [0x00000000eab00000, 0x00000000ed200000, 0x0000000100000000)
  eden space 26624K, 100% used [0x00000000eab00000,0x00000000ec500000,0x00000000ec500000)
  from space 6144K, 30% used [0x00000000ecc00000,0x00000000ecdd8828,0x00000000ed200000)
  to   space 6656K, 0% used [0x00000000ec500000,0x00000000ec500000,0x00000000ecb80000)
 ParOldGen       total 26624K, used 13817K [0x00000000c0000000, 0x00000000c1a00000, 0x00000000eab00000)
  object space 26624K, 51% used [0x00000000c0000000,0x00000000c0d7e478,0x00000000c1a00000)
 Metaspace       used 32856K, capacity 34108K, committed 34352K, reserved 1079296K
  class space    used 4271K, capacity 4540K, committed 4656K, reserved 1048576K
Event: 29.196 GC heap after
Heap after GC invocations=16 (full 1):
 PSYoungGen      total 33280K, used 1669K [0x00000000eab00000, 0x00000000ee000000, 0x0000000100000000)
  eden space 26624K, 0% used [0x00000000eab00000,0x00000000eab00000,0x00000000ec500000)
  from space 6656K, 25% used [0x00000000ec500000,0x00000000ec6a1720,0x00000000ecb80000)
  to   space 6656K, 0% used [0x00000000ed980000,0x00000000ed980000,0x00000000ee000000)
 ParOldGen       total 26624K, used 15057K [0x00000000c0000000, 0x00000000c1a00000, 0x00000000eab00000)
  object space 26624K, 56% used [0x00000000c0000000,0x00000000c0eb4478,0x00000000c1a00000)
 Metaspace       used 32856K, capacity 34108K, committed 34352K, reserved 1079296K
  class space    used 4271K, capacity 4540K, committed 4656K, reserved 1048576K
}
Event: 30.167 GC heap before
{Heap before GC invocations=17 (full 1):
 PSYoungGen      total 33280K, used 7922K [0x00000000eab00000, 0x00000000ee000000, 0x0000000100000000)
  eden space 26624K, 23% used [0x00000000eab00000,0x00000000eb11b108,0x00000000ec500000)
  from space 6656K, 25% used [0x00000000ec500000,0x00000000ec6a1720,0x00000000ecb80000)
  to   space 6656K, 0% used [0x00000000ed980000,0x00000000ed980000,0x00000000ee000000)
 ParOldGen       total 26624K, used 15057K [0x00000000c0000000, 0x00000000c1a00000, 0x00000000eab00000)
  object space 26624K, 56% used [0x00000000c0000000,0x00000000c0eb4478,0x00000000c1a00000)
 Metaspace       used 34106K, capacity 35364K, committed 35496K, reserved 1079296K
  class space    used 4413K, capacity 4702K, committed 4776K, reserved 1048576K
Event: 30.170 GC heap after
Heap after GC invocations=17 (full 1):
 PSYoungGen      total 27136K, used 1004K [0x00000000eab00000, 0x00000000eda80000, 0x0000000100000000)
  eden space 26112K, 0% used [0x00000000eab00000,0x00000000eab00000,0x00000000ec480000)
  from space 1024K, 98% used [0x00000000ed980000,0x00000000eda7b1d0,0x00000000eda80000)
  to   space 6656K, 0% used [0x00000000ecd80000,0x00000000ecd80000,0x00000000ed400000)
 ParOldGen       total 26624K, used 16045K [0x00000000c0000000, 0x00000000c1a00000, 0x00000000eab00000)
  object space 26624K, 60% used [0x00000000c0000000,0x00000000c0fab640,0x00000000c1a00000)
 Metaspace       used 34106K, capacity 35364K, committed 35496K, reserved 1079296K
  class space    used 4413K, capacity 4702K, committed 4776K, reserved 1048576K
}
Event: 30.170 GC heap before
{Heap before GC invocations=18 (full 2):
 PSYoungGen      total 27136K, used 1004K [0x00000000eab00000, 0x00000000eda80000, 0x0000000100000000)
  eden space 26112K, 0% used [0x00000000eab00000,0x00000000eab00000,0x00000000ec480000)
  from space 1024K, 98% used [0x00000000ed980000,0x00000000eda7b1d0,0x00000000eda80000)
  to   space 6656K, 0% used [0x00000000ecd80000,0x00000000ecd80000,0x00000000ed400000)
 ParOldGen       total 26624K, used 16045K [0x00000000c0000000, 0x00000000c1a00000, 0x00000000eab00000)
  object space 26624K, 60% used [0x00000000c0000000,0x00000000c0fab640,0x00000000c1a00000)
 Metaspace       used 34106K, capacity 35364K, committed 35496K, reserved 1079296K
  class space    used 4413K, capacity 4702K, committed 4776K, reserved 1048576K
Event: 30.241 GC heap after
Heap after GC invocations=18 (full 2):
 PSYoungGen      total 27136K, used 0K [0x00000000eab00000, 0x00000000eda80000, 0x0000000100000000)
  eden space 26112K, 0% used [0x00000000eab00000,0x00000000eab00000,0x00000000ec480000)
  from space 1024K, 0% used [0x00000000ed980000,0x00000000ed980000,0x00000000eda80000)
  to   space 6656K, 0% used [0x00000000ecd80000,0x00000000ecd80000,0x00000000ed400000)
 ParOldGen       total 39936K, used 13818K [0x00000000c0000000, 0x00000000c2700000, 0x00000000eab00000)
  object space 39936K, 34% used [0x00000000c0000000,0x00000000c0d7ea88,0x00000000c2700000)
 Metaspace       used 34106K, capacity 35364K, committed 35496K, reserved 1079296K
  class space    used 4413K, capacity 4702K, committed 4776K, reserved 1048576K
}
Event: 32.357 GC heap before
{Heap before GC invocations=19 (full 2):
 PSYoungGen      total 27136K, used 26112K [0x00000000eab00000, 0x00000000eda80000, 0x0000000100000000)
  eden space 26112K, 100% used [0x00000000eab00000,0x00000000ec480000,0x00000000ec480000)
  from space 1024K, 0% used [0x00000000ed980000,0x00000000ed980000,0x00000000eda80000)
  to   space 6656K, 0% used [0x00000000ecd80000,0x00000000ecd80000,0x00000000ed400000)
 ParOldGen       total 39936K, used 13818K [0x00000000c0000000, 0x00000000c2700000, 0x00000000eab00000)
  object space 39936K, 34% used [0x00000000c0000000,0x00000000c0d7ea88,0x00000000c2700000)
 Metaspace       used 36657K, capacity 37966K, committed 38056K, reserved 1083392K
  class space    used 4766K, capacity 5031K, committed 5032K, reserved 1048576K
Event: 32.360 GC heap after
Heap after GC invocations=19 (full 2):
 PSYoungGen      total 38912K, used 2470K [0x00000000eab00000, 0x00000000eda00000, 0x0000000100000000)
  eden space 32256K, 0% used [0x00000000eab00000,0x00000000eab00000,0x00000000eca80000)
  from space 6656K, 37% used [0x00000000ecd80000,0x00000000ecfe9868,0x00000000ed400000)
  to   space 6144K, 0% used [0x00000000ed400000,0x00000000ed400000,0x00000000eda00000)
 ParOldGen       total 39936K, used 13826K [0x00000000c0000000, 0x00000000c2700000, 0x00000000eab00000)
  object space 39936K, 34% used [0x00000000c0000000,0x00000000c0d80a88,0x00000000c2700000)
 Metaspace       used 36657K, capacity 37966K, committed 38056K, reserved 1083392K
  class space    used 4766K, capacity 5031K, committed 5032K, reserved 1048576K
}
Event: 33.308 GC heap before
{Heap before GC invocations=20 (full 2):
 PSYoungGen      total 38912K, used 34726K [0x00000000eab00000, 0x00000000eda00000, 0x0000000100000000)
  eden space 32256K, 100% used [0x00000000eab00000,0x00000000eca80000,0x00000000eca80000)
  from space 6656K, 37% used [0x00000000ecd80000,0x00000000ecfe9868,0x00000000ed400000)
  to   space 6144K, 0% used [0x00000000ed400000,0x00000000ed400000,0x00000000eda00000)
 ParOldGen       total 39936K, used 13826K [0x00000000c0000000, 0x00000000c2700000, 0x00000000eab00000)
  object space 39936K, 34% used [0x00000000c0000000,0x00000000c0d80a88,0x00000000c2700000)
 Metaspace       used 38296K, capacity 39638K, committed 39976K, reserved 1083392K
  class space    used 5066K, capacity 5353K, committed 5416K, reserved 1048576K
Event: 33.312 GC heap after
Heap after GC invocations=20 (full 2):
 PSYoungGen      total 41984K, used 1998K [0x00000000eab00000, 0x00000000edd80000, 0x0000000100000000)
  eden space 35840K, 0% used [0x00000000eab00000,0x00000000eab00000,0x00000000ece00000)
  from space 6144K, 32% used [0x00000000ed400000,0x00000000ed5f3b58,0x00000000eda00000)
  to   space 6144K, 0% used [0x00000000ece00000,0x00000000ece00000,0x00000000ed400000)
 ParOldGen       total 39936K, used 14818K [0x00000000c0000000, 0x00000000c2700000, 0x00000000eab00000)
  object space 39936K, 37% used [0x00000000c0000000,0x00000000c0e78b78,0x00000000c2700000)
 Metaspace       used 38296K, capacity 39638K, committed 39976K, reserved 1083392K
  class space    used 5066K, capacity 5353K, committed 5416K, reserved 1048576K
}

